###### start time:Fri Aug 24 03:51:16 EDT 2018
> library(batch)
> library(gwasurvivr)
> 
> parseCommandArgs(evaluate=TRUE)
$impute.file
[1] "/projects/rpci/lsuchest/ezgi/gwasurvivr_sims/genetic_data/n9K.chr15.gen.gz"

$chr
[1] 15

$sample.ids
[1] "/projects/rpci/lsuchest/ezgi/gwasurvivr_sims/sample_ids/n6000_sample_ids.txt"

$out.file
[1] "/projects/rpci/lsuchest/ezgi/gwasurvivr_sims/results/n6000_chr15.res"

$ncores
[1] 8

> 
> options("gwasurvivr.cores"=as.numeric(ncores))
> 
> 
> runCoxSurv <- function(impute.file, chr, sample.ids, out.file){
+     covariate.file <- "/projects/rpci/lsuchest/ezgi/gwasurvivr_sims/covariate_file/sim_pheno_N9K.txt"
+     covariate.file <- read.table(covariate.file,
+                                  header=TRUE,
+                                  sep="\t", 
+                                  stringsAsFactors=FALSE)
+     sample.ids <- scan(sample.ids, what=character())
+     sample.file <- "/projects/rpci/lsuchest/ezgi/gwasurvivr_sims/sample_files/simulated.sample"
+     impute2CoxSurv(impute.file=impute.file,
+                    sample.file=sample.file,
+                    chr=as.numeric(chr),
+                    covariate.file=covariate.file,
+                    id.column="IDs",
+                    sample.ids=sample.ids,
+                    time.to.event="time",
+                    event="event",
+                    covariates=c("age", "DrugTxYes", "sex"),
+                    inter.term=NULL,
+                    print.covs="only",
+                    out.file=out.file,
+                    chunk.size=10000,
+                    maf.filter=0.05,
+                    flip.dosage=TRUE,
+                    verbose=TRUE,
+                    clusterObj=NULL)
+ }
> 
> runCoxSurv(impute.file,
+            chr,
+            sample.ids,
+            out.file)
Clean up the fragments of GDS file:
    open the file '/scratch/9537603/RtmpHX4Uz4/65a94a185ccf.gds' (8.3G)
    # of fragments: 30
    save to '/scratch/9537603/RtmpHX4Uz4/65a94a185ccf.gds.tmp'
    rename '/scratch/9537603/RtmpHX4Uz4/65a94a185ccf.gds.tmp' (130.3M, reduced: 8.2G)
    # of fragments: 14
> 
> 
All Done!
*************************************************
SLURM_JOB_ID=9537603
SLURM_JOB_NODELIST=cpn-k08-26-01
SLURM_NNODES=1
SLURM_NTASKS=8
SLURMTMPDIR=/scratch/9537603
working directory=/projects/rpci/lsuchest/ezgi/gwasurvivr_sims/scripts
*************************************************
###### end time: Fri Aug 24 06:25:08 EDT 2018
It took 9232 seconds
