###### start time:Fri Sep 14 21:03:15 EDT 2018
> library(batch)
> library(gwasurvivr)
> 
> parseCommandArgs(evaluate=TRUE)
$impute.file
[1] "/projects/rpci/lsuchest/ezgi/gwasurvivr_sims/genetic_data/n9K.chr17.gen.gz"

$chr
[1] 17

$sample.ids
[1] "/projects/rpci/lsuchest/ezgi/gwasurvivr_sims/sample_ids/n9000_sample_ids.txt"

$out.file
[1] "/projects/rpci/lsuchest/ezgi/gwasurvivr_sims/results/n9000_chr17.res"

$ncores
[1] 8

> 
> options("gwasurvivr.cores"=as.numeric(ncores))
> 
> 
> runCoxSurv <- function(impute.file, chr, sample.ids, out.file){
+     covariate.file <- "/projects/rpci/lsuchest/ezgi/gwasurvivr_sims/covariate_file/sim_pheno_N9K.txt"
+     covariate.file <- read.table(covariate.file,
+                                  header=TRUE,
+                                  sep="\t", 
+                                  stringsAsFactors=FALSE)
+     sample.ids <- scan(sample.ids, what=character())
+     sample.file <- "/projects/rpci/lsuchest/ezgi/gwasurvivr_sims/sample_files/simulated.sample"
+     impute2CoxSurv(impute.file=impute.file,
+                    sample.file=sample.file,
+                    chr=as.numeric(chr),
+                    covariate.file=covariate.file,
+                    id.column="IDs",
+                    sample.ids=sample.ids,
+                    time.to.event="time",
+                    event="event",
+                    covariates=c("age", "DrugTxYes", "sex"),
+                    inter.term=NULL,
+                    print.covs="only",
+                    out.file=out.file,
+                    chunk.size=10000,
+                    maf.filter=0.05,
+                    flip.dosage=TRUE,
+                    verbose=TRUE,
+                    clusterObj=NULL,
+ 		   keepGDS = FALSE)
+ }
> 
> runCoxSurv(impute.file,
+            chr,
+            sample.ids,
+            out.file)
Clean up the fragments of GDS file:
    open the file '/scratch/9649593/Rtmpij9GhU/60d32748c81e.gds' (7.7G)
    # of fragments: 30
    save to '/scratch/9649593/Rtmpij9GhU/60d32748c81e.gds.tmp'
    rename '/scratch/9649593/Rtmpij9GhU/60d32748c81e.gds.tmp' (125.4M, reduced: 7.6G)
    # of fragments: 14
> 
> 
All Done!
*************************************************
SLURM_JOB_ID=9649593
SLURM_JOB_NODELIST=cpn-k10-39-01
SLURM_NNODES=1
SLURM_NTASKS=8
SLURMTMPDIR=/scratch/9649593
working directory=/projects/rpci/lsuchest/ezgi/gwasurvivr_sims/scripts
*************************************************
###### end time: Sat Sep 15 00:13:45 EDT 2018
It took 11430 seconds
